sept 21, 2024 11:25:21 P. M. proyecto.Modelo.Utilidades escribirLog
GRAVE: Error al abrir la ventana de registro: 
/C:/Users/sccva/OneDrive/Documentos/GitHub/proyecto/marketplce/target/classes/proyecto/registro_vendedor.fxml:23

sept 21, 2024 11:33:51 P. M. proyecto.Modelo.Utilidades escribirLog
GRAVE: Error al abrir la ventana de registro: 
/C:/Users/sccva/OneDrive/Documentos/GitHub/proyecto/marketplce/target/classes/proyecto/registro_vendedor.fxml:23

sept 21, 2024 11:57:48 P. M. proyecto.Modelo.Utilidades escribirLog
GRAVE: Error al abrir la ventana de registro: 
/C:/Users/sccva/OneDrive/Documentos/GitHub/proyecto/marketplce/target/classes/proyecto/registro_vendedor.fxml:23

sept 22, 2024 12:02:43 A. M. proyecto.Modelo.Utilidades escribirLog
GRAVE: Error al abrir la ventana de registro: 
/C:/Users/sccva/OneDrive/Documentos/GitHub/proyecto/marketplce/target/classes/proyecto/registro_vendedor.fxml:28

sept 22, 2024 9:19:21 A. M. proyecto.Modelo.Utilidades escribirLog
GRAVE: Error al abrir la ventana de registro: 
/C:/Users/sccva/OneDrive/Documentos/GitHub/proyecto/marketplce/target/classes/proyecto/registro_vendedor.fxml:28

sept 22, 2024 9:54:42 A. M. proyecto.Modelo.Utilidades escribirLog
INFORMACIÓN: Objeto serializado exitosamente a vendedor.dat
sept 22, 2024 9:58:49 A. M. proyecto.Modelo.Utilidades escribirLog
INFORMACIÓN: Objeto serializado exitosamente a vendedor.dat
sept 22, 2024 10:00:02 A. M. proyecto.Modelo.Utilidades escribirLog
INFORMACIÓN: Objeto serializado exitosamente a vendedor.dat
sept 22, 2024 10:02:19 A. M. proyecto.Modelo.Utilidades escribirLog
INFORMACIÓN: Objeto serializado exitosamente a vendedor.dat
sept 22, 2024 10:04:18 A. M. proyecto.Modelo.Utilidades escribirLog
INFORMACIÓN: Objeto serializado exitosamente a vendedor.dat
